语法

    0 $accept: program $end

    1 program: decl_list

    2 decl_list: decl
    3          | decl_list decl

    4 decl: variableDecl
    5     | callDecl

    6 variableDecl: VAR variable ';'

    7 variable: OBJECTID TYPEID

    8 variableDecls: variableDecls variableDecl
    9              | %empty

   10 variables: variable
   11          | variable ',' variables
   12          | %empty

   13 callDecl: FUNC OBJECTID '(' variables ')' TYPEID stmtBlock

   14 stmtBlock: '{' variableDecls stmts '}'

   15 stmts: stmt stmts
   16      | %empty

   17 stmt: ';'
   18     | expr ';'
   19     | ifStmt
   20     | whileStmt
   21     | forStmt
   22     | breakStmt
   23     | continueStmt
   24     | returnStmt
   25     | stmtBlock

   26 expr: constant
   27     | OBJECTID '=' expr
   28     | call
   29     | '(' expr ')'
   30     | OBJECTID
   31     | expr '+' expr
   32     | expr '-' expr
   33     | expr '*' expr
   34     | expr '/' expr
   35     | expr '%' expr
   36     | '-' expr
   37     | expr '<' expr
   38     | expr '>' expr
   39     | expr GE expr
   40     | expr NE expr
   41     | expr LE expr
   42     | expr EQUAL expr
   43     | expr AND expr
   44     | expr OR expr
   45     | expr '^' expr
   46     | expr '&' expr
   47     | expr '|' expr
   48     | '!' expr
   49     | '~' expr

   50 constant: CONST_INT
   51         | CONST_FLOAT
   52         | CONST_STRING
   53         | CONST_BOOL

   54 ifStmt: IF expr stmtBlock ELSE stmtBlock
   55       | IF expr stmtBlock

   56 whileStmt: WHILE expr stmtBlock

   57 forStmt: FOR expr ';' expr ';' expr stmtBlock
   58        | FOR ';' expr ';' expr stmtBlock
   59        | FOR expr ';' ';' expr stmtBlock
   60        | FOR expr ';' expr ';' stmtBlock
   61        | FOR expr ';' ';' stmtBlock
   62        | FOR ';' expr ';' stmtBlock
   63        | FOR ';' ';' expr stmtBlock
   64        | FOR ';' ';' stmtBlock

   65 returnStmt: RETURN expr ';'
   66           | RETURN ';'

   67 continueStmt: CONTINUE ';'

   68 breakStmt: BREAK ';'

   69 call: OBJECTID '(' actuals ')'

   70 actual: expr

   71 actuals: %empty
   72        | actual
   73        | actuals ',' actual


终结语词，附有它们出现处的规则

    $end (0) 0
    '!' (33) 48
    '%' (37) 35
    '&' (38) 46
    '(' (40) 13 29 69
    ')' (41) 13 29 69
    '*' (42) 33
    '+' (43) 31
    ',' (44) 11 73
    '-' (45) 32 36
    '/' (47) 34
    ';' (59) 6 17 18 57 58 59 60 61 62 63 64 65 66 67 68
    '<' (60) 37
    '=' (61) 27
    '>' (62) 38
    '^' (94) 45
    '{' (123) 14
    '|' (124) 47
    '}' (125) 14
    '~' (126) 49
    error (256)
    IF (258) 54 55
    ELSE (260) 54
    WHILE (261) 56
    FOR (262) 57 58 59 60 61 62 63 64
    BREAK (263) 68
    CONTINUE (264) 67
    FUNC (265) 13
    RETURN (266) 65 66
    CONST_BOOL <boolean> (267) 53
    CONST_INT <symbol> (268) 50
    CONST_STRING <symbol> (269) 52
    CONST_FLOAT <symbol> (270) 51
    VAR (271) 6
    AND (274) 43
    OR (275) 44
    EQUAL (276) 42
    NE (277) 40
    GE (278) 39
    LE (279) 41
    OBJECTID <symbol> (284) 7 13 27 30 69
    TYPEID <symbol> (285) 7 13
    UMINUS (287)


非终结语词，附有它们出现处的规则

    $accept (44)
        on left: 0
    program <program> (45)
        on left: 1
        on right: 0
    decl_list <decls> (46)
        on left: 2 3
        on right: 1 3
    decl <decl> (47)
        on left: 4 5
        on right: 2 3
    variableDecl <variableDecl> (48)
        on left: 6
        on right: 4 8
    variable <variable> (49)
        on left: 7
        on right: 6 10 11
    variableDecls <variableDecls> (50)
        on left: 8 9
        on right: 8 14
    variables <variables> (51)
        on left: 10 11 12
        on right: 11 13
    callDecl <callDecl> (52)
        on left: 13
        on right: 5
    stmtBlock <stmtBlock> (53)
        on left: 14
        on right: 13 25 54 55 56 57 58 59 60 61 62 63 64
    stmts <stmts> (54)
        on left: 15 16
        on right: 14 15
    stmt <stmt> (55)
        on left: 17 18 19 20 21 22 23 24 25
        on right: 15
    expr <expr> (56)
        on left: 26 27 28 29 30 31 32 33 34 35 36 37 38 39 40 41 42 43 44 45 46 47 48 49
        on right: 18 27 29 31 32 33 34 35 36 37 38 39 40 41 42 43 44 45 46 47 48 49 54 55 56 57 58 59 60 61 62 63 65 70
    constant <expr> (57)
        on left: 50 51 52 53
        on right: 26
    ifStmt <ifStmt> (58)
        on left: 54 55
        on right: 19
    whileStmt <whileStmt> (59)
        on left: 56
        on right: 20
    forStmt <forStmt> (60)
        on left: 57 58 59 60 61 62 63 64
        on right: 21
    returnStmt <returnStmt> (61)
        on left: 65 66
        on right: 24
    continueStmt <continueStmt> (62)
        on left: 67
        on right: 23
    breakStmt <breakStmt> (63)
        on left: 68
        on right: 22
    call <call> (64)
        on left: 69
        on right: 28
    actual <actual> (65)
        on left: 70
        on right: 72 73
    actuals <actuals> (66)
        on left: 71 72 73
        on right: 69 73


状态 0

    0 $accept: . program $end

    FUNC  偏移，并进入状态 1
    VAR   偏移，并进入状态 2

    program       转到状态 3
    decl_list     转到状态 4
    decl          转到状态 5
    variableDecl  转到状态 6
    callDecl      转到状态 7


状态 1

   13 callDecl: FUNC . OBJECTID '(' variables ')' TYPEID stmtBlock

    OBJECTID  偏移，并进入状态 8


状态 2

    6 variableDecl: VAR . variable ';'

    OBJECTID  偏移，并进入状态 9

    variable  转到状态 10


状态 3

    0 $accept: program . $end

    $end  偏移，并进入状态 11


状态 4

    1 program: decl_list .
    3 decl_list: decl_list . decl

    FUNC  偏移，并进入状态 1
    VAR   偏移，并进入状态 2

    $default  使用规则 1 以归约 (program)

    decl          转到状态 12
    variableDecl  转到状态 6
    callDecl      转到状态 7


状态 5

    2 decl_list: decl .

    $default  使用规则 2 以归约 (decl_list)


状态 6

    4 decl: variableDecl .

    $default  使用规则 4 以归约 (decl)


状态 7

    5 decl: callDecl .

    $default  使用规则 5 以归约 (decl)


状态 8

   13 callDecl: FUNC OBJECTID . '(' variables ')' TYPEID stmtBlock

    '('  偏移，并进入状态 13


状态 9

    7 variable: OBJECTID . TYPEID

    TYPEID  偏移，并进入状态 14


状态 10

    6 variableDecl: VAR variable . ';'

    ';'  偏移，并进入状态 15


状态 11

    0 $accept: program $end .

    $default  接受


状态 12

    3 decl_list: decl_list decl .

    $default  使用规则 3 以归约 (decl_list)


状态 13

   13 callDecl: FUNC OBJECTID '(' . variables ')' TYPEID stmtBlock

    OBJECTID  偏移，并进入状态 9

    $default  使用规则 12 以归约 (variables)

    variable   转到状态 16
    variables  转到状态 17


状态 14

    7 variable: OBJECTID TYPEID .

    $default  使用规则 7 以归约 (variable)


状态 15

    6 variableDecl: VAR variable ';' .

    $default  使用规则 6 以归约 (variableDecl)


状态 16

   10 variables: variable .
   11          | variable . ',' variables

    ','  偏移，并进入状态 18

    $default  使用规则 10 以归约 (variables)


状态 17

   13 callDecl: FUNC OBJECTID '(' variables . ')' TYPEID stmtBlock

    ')'  偏移，并进入状态 19


状态 18

   11 variables: variable ',' . variables

    OBJECTID  偏移，并进入状态 9

    $default  使用规则 12 以归约 (variables)

    variable   转到状态 16
    variables  转到状态 20


状态 19

   13 callDecl: FUNC OBJECTID '(' variables ')' . TYPEID stmtBlock

    TYPEID  偏移，并进入状态 21


状态 20

   11 variables: variable ',' variables .

    $default  使用规则 11 以归约 (variables)


状态 21

   13 callDecl: FUNC OBJECTID '(' variables ')' TYPEID . stmtBlock

    '{'  偏移，并进入状态 22

    stmtBlock  转到状态 23


状态 22

   14 stmtBlock: '{' . variableDecls stmts '}'

    $default  使用规则 9 以归约 (variableDecls)

    variableDecls  转到状态 24


状态 23

   13 callDecl: FUNC OBJECTID '(' variables ')' TYPEID stmtBlock .

    $default  使用规则 13 以归约 (callDecl)


状态 24

    8 variableDecls: variableDecls . variableDecl
   14 stmtBlock: '{' variableDecls . stmts '}'

    IF            偏移，并进入状态 25
    WHILE         偏移，并进入状态 26
    FOR           偏移，并进入状态 27
    BREAK         偏移，并进入状态 28
    CONTINUE      偏移，并进入状态 29
    RETURN        偏移，并进入状态 30
    VAR           偏移，并进入状态 2
    CONST_BOOL    偏移，并进入状态 31
    CONST_INT     偏移，并进入状态 32
    CONST_STRING  偏移，并进入状态 33
    CONST_FLOAT   偏移，并进入状态 34
    OBJECTID      偏移，并进入状态 35
    '-'           偏移，并进入状态 36
    '!'           偏移，并进入状态 37
    '~'           偏移，并进入状态 38
    ';'           偏移，并进入状态 39
    '('           偏移，并进入状态 40
    '{'           偏移，并进入状态 22

    $default  使用规则 16 以归约 (stmts)

    variableDecl  转到状态 41
    stmtBlock     转到状态 42
    stmts         转到状态 43
    stmt          转到状态 44
    expr          转到状态 45
    constant      转到状态 46
    ifStmt        转到状态 47
    whileStmt     转到状态 48
    forStmt       转到状态 49
    returnStmt    转到状态 50
    continueStmt  转到状态 51
    breakStmt     转到状态 52
    call          转到状态 53


状态 25

   54 ifStmt: IF . expr stmtBlock ELSE stmtBlock
   55       | IF . expr stmtBlock

    CONST_BOOL    偏移，并进入状态 31
    CONST_INT     偏移，并进入状态 32
    CONST_STRING  偏移，并进入状态 33
    CONST_FLOAT   偏移，并进入状态 34
    OBJECTID      偏移，并进入状态 35
    '-'           偏移，并进入状态 36
    '!'           偏移，并进入状态 37
    '~'           偏移，并进入状态 38
    '('           偏移，并进入状态 40

    expr      转到状态 54
    constant  转到状态 46
    call      转到状态 53


状态 26

   56 whileStmt: WHILE . expr stmtBlock

    CONST_BOOL    偏移，并进入状态 31
    CONST_INT     偏移，并进入状态 32
    CONST_STRING  偏移，并进入状态 33
    CONST_FLOAT   偏移，并进入状态 34
    OBJECTID      偏移，并进入状态 35
    '-'           偏移，并进入状态 36
    '!'           偏移，并进入状态 37
    '~'           偏移，并进入状态 38
    '('           偏移，并进入状态 40

    expr      转到状态 55
    constant  转到状态 46
    call      转到状态 53


状态 27

   57 forStmt: FOR . expr ';' expr ';' expr stmtBlock
   58        | FOR . ';' expr ';' expr stmtBlock
   59        | FOR . expr ';' ';' expr stmtBlock
   60        | FOR . expr ';' expr ';' stmtBlock
   61        | FOR . expr ';' ';' stmtBlock
   62        | FOR . ';' expr ';' stmtBlock
   63        | FOR . ';' ';' expr stmtBlock
   64        | FOR . ';' ';' stmtBlock

    CONST_BOOL    偏移，并进入状态 31
    CONST_INT     偏移，并进入状态 32
    CONST_STRING  偏移，并进入状态 33
    CONST_FLOAT   偏移，并进入状态 34
    OBJECTID      偏移，并进入状态 35
    '-'           偏移，并进入状态 36
    '!'           偏移，并进入状态 37
    '~'           偏移，并进入状态 38
    ';'           偏移，并进入状态 56
    '('           偏移，并进入状态 40

    expr      转到状态 57
    constant  转到状态 46
    call      转到状态 53


状态 28

   68 breakStmt: BREAK . ';'

    ';'  偏移，并进入状态 58


状态 29

   67 continueStmt: CONTINUE . ';'

    ';'  偏移，并进入状态 59


状态 30

   65 returnStmt: RETURN . expr ';'
   66           | RETURN . ';'

    CONST_BOOL    偏移，并进入状态 31
    CONST_INT     偏移，并进入状态 32
    CONST_STRING  偏移，并进入状态 33
    CONST_FLOAT   偏移，并进入状态 34
    OBJECTID      偏移，并进入状态 35
    '-'           偏移，并进入状态 36
    '!'           偏移，并进入状态 37
    '~'           偏移，并进入状态 38
    ';'           偏移，并进入状态 60
    '('           偏移，并进入状态 40

    expr      转到状态 61
    constant  转到状态 46
    call      转到状态 53


状态 31

   53 constant: CONST_BOOL .

    $default  使用规则 53 以归约 (constant)


状态 32

   50 constant: CONST_INT .

    $default  使用规则 50 以归约 (constant)


状态 33

   52 constant: CONST_STRING .

    $default  使用规则 52 以归约 (constant)


状态 34

   51 constant: CONST_FLOAT .

    $default  使用规则 51 以归约 (constant)


状态 35

   27 expr: OBJECTID . '=' expr
   30     | OBJECTID .
   69 call: OBJECTID . '(' actuals ')'

    '='  偏移，并进入状态 62
    '('  偏移，并进入状态 63

    $default  使用规则 30 以归约 (expr)


状态 36

   36 expr: '-' . expr

    CONST_BOOL    偏移，并进入状态 31
    CONST_INT     偏移，并进入状态 32
    CONST_STRING  偏移，并进入状态 33
    CONST_FLOAT   偏移，并进入状态 34
    OBJECTID      偏移，并进入状态 35
    '-'           偏移，并进入状态 36
    '!'           偏移，并进入状态 37
    '~'           偏移，并进入状态 38
    '('           偏移，并进入状态 40

    expr      转到状态 64
    constant  转到状态 46
    call      转到状态 53


状态 37

   48 expr: '!' . expr

    CONST_BOOL    偏移，并进入状态 31
    CONST_INT     偏移，并进入状态 32
    CONST_STRING  偏移，并进入状态 33
    CONST_FLOAT   偏移，并进入状态 34
    OBJECTID      偏移，并进入状态 35
    '-'           偏移，并进入状态 36
    '!'           偏移，并进入状态 37
    '~'           偏移，并进入状态 38
    '('           偏移，并进入状态 40

    expr      转到状态 65
    constant  转到状态 46
    call      转到状态 53


状态 38

   49 expr: '~' . expr

    CONST_BOOL    偏移，并进入状态 31
    CONST_INT     偏移，并进入状态 32
    CONST_STRING  偏移，并进入状态 33
    CONST_FLOAT   偏移，并进入状态 34
    OBJECTID      偏移，并进入状态 35
    '-'           偏移，并进入状态 36
    '!'           偏移，并进入状态 37
    '~'           偏移，并进入状态 38
    '('           偏移，并进入状态 40

    expr      转到状态 66
    constant  转到状态 46
    call      转到状态 53


状态 39

   17 stmt: ';' .

    $default  使用规则 17 以归约 (stmt)


状态 40

   29 expr: '(' . expr ')'

    CONST_BOOL    偏移，并进入状态 31
    CONST_INT     偏移，并进入状态 32
    CONST_STRING  偏移，并进入状态 33
    CONST_FLOAT   偏移，并进入状态 34
    OBJECTID      偏移，并进入状态 35
    '-'           偏移，并进入状态 36
    '!'           偏移，并进入状态 37
    '~'           偏移，并进入状态 38
    '('           偏移，并进入状态 40

    expr      转到状态 67
    constant  转到状态 46
    call      转到状态 53


状态 41

    8 variableDecls: variableDecls variableDecl .

    $default  使用规则 8 以归约 (variableDecls)


状态 42

   25 stmt: stmtBlock .

    $default  使用规则 25 以归约 (stmt)


状态 43

   14 stmtBlock: '{' variableDecls stmts . '}'

    '}'  偏移，并进入状态 68


状态 44

   15 stmts: stmt . stmts

    IF            偏移，并进入状态 25
    WHILE         偏移，并进入状态 26
    FOR           偏移，并进入状态 27
    BREAK         偏移，并进入状态 28
    CONTINUE      偏移，并进入状态 29
    RETURN        偏移，并进入状态 30
    CONST_BOOL    偏移，并进入状态 31
    CONST_INT     偏移，并进入状态 32
    CONST_STRING  偏移，并进入状态 33
    CONST_FLOAT   偏移，并进入状态 34
    OBJECTID      偏移，并进入状态 35
    '-'           偏移，并进入状态 36
    '!'           偏移，并进入状态 37
    '~'           偏移，并进入状态 38
    ';'           偏移，并进入状态 39
    '('           偏移，并进入状态 40
    '{'           偏移，并进入状态 22

    $default  使用规则 16 以归约 (stmts)

    stmtBlock     转到状态 42
    stmts         转到状态 69
    stmt          转到状态 44
    expr          转到状态 45
    constant      转到状态 46
    ifStmt        转到状态 47
    whileStmt     转到状态 48
    forStmt       转到状态 49
    returnStmt    转到状态 50
    continueStmt  转到状态 51
    breakStmt     转到状态 52
    call          转到状态 53


状态 45

   18 stmt: expr . ';'
   31 expr: expr . '+' expr
   32     | expr . '-' expr
   33     | expr . '*' expr
   34     | expr . '/' expr
   35     | expr . '%' expr
   37     | expr . '<' expr
   38     | expr . '>' expr
   39     | expr . GE expr
   40     | expr . NE expr
   41     | expr . LE expr
   42     | expr . EQUAL expr
   43     | expr . AND expr
   44     | expr . OR expr
   45     | expr . '^' expr
   46     | expr . '&' expr
   47     | expr . '|' expr

    AND    偏移，并进入状态 70
    OR     偏移，并进入状态 71
    EQUAL  偏移，并进入状态 72
    NE     偏移，并进入状态 73
    GE     偏移，并进入状态 74
    LE     偏移，并进入状态 75
    '<'    偏移，并进入状态 76
    '>'    偏移，并进入状态 77
    '+'    偏移，并进入状态 78
    '-'    偏移，并进入状态 79
    '*'    偏移，并进入状态 80
    '/'    偏移，并进入状态 81
    '%'    偏移，并进入状态 82
    '&'    偏移，并进入状态 83
    '|'    偏移，并进入状态 84
    '^'    偏移，并进入状态 85
    ';'    偏移，并进入状态 86


状态 46

   26 expr: constant .

    $default  使用规则 26 以归约 (expr)


状态 47

   19 stmt: ifStmt .

    $default  使用规则 19 以归约 (stmt)


状态 48

   20 stmt: whileStmt .

    $default  使用规则 20 以归约 (stmt)


状态 49

   21 stmt: forStmt .

    $default  使用规则 21 以归约 (stmt)


状态 50

   24 stmt: returnStmt .

    $default  使用规则 24 以归约 (stmt)


状态 51

   23 stmt: continueStmt .

    $default  使用规则 23 以归约 (stmt)


状态 52

   22 stmt: breakStmt .

    $default  使用规则 22 以归约 (stmt)


状态 53

   28 expr: call .

    $default  使用规则 28 以归约 (expr)


状态 54

   31 expr: expr . '+' expr
   32     | expr . '-' expr
   33     | expr . '*' expr
   34     | expr . '/' expr
   35     | expr . '%' expr
   37     | expr . '<' expr
   38     | expr . '>' expr
   39     | expr . GE expr
   40     | expr . NE expr
   41     | expr . LE expr
   42     | expr . EQUAL expr
   43     | expr . AND expr
   44     | expr . OR expr
   45     | expr . '^' expr
   46     | expr . '&' expr
   47     | expr . '|' expr
   54 ifStmt: IF expr . stmtBlock ELSE stmtBlock
   55       | IF expr . stmtBlock

    AND    偏移，并进入状态 70
    OR     偏移，并进入状态 71
    EQUAL  偏移，并进入状态 72
    NE     偏移，并进入状态 73
    GE     偏移，并进入状态 74
    LE     偏移，并进入状态 75
    '<'    偏移，并进入状态 76
    '>'    偏移，并进入状态 77
    '+'    偏移，并进入状态 78
    '-'    偏移，并进入状态 79
    '*'    偏移，并进入状态 80
    '/'    偏移，并进入状态 81
    '%'    偏移，并进入状态 82
    '&'    偏移，并进入状态 83
    '|'    偏移，并进入状态 84
    '^'    偏移，并进入状态 85
    '{'    偏移，并进入状态 22

    stmtBlock  转到状态 87


状态 55

   31 expr: expr . '+' expr
   32     | expr . '-' expr
   33     | expr . '*' expr
   34     | expr . '/' expr
   35     | expr . '%' expr
   37     | expr . '<' expr
   38     | expr . '>' expr
   39     | expr . GE expr
   40     | expr . NE expr
   41     | expr . LE expr
   42     | expr . EQUAL expr
   43     | expr . AND expr
   44     | expr . OR expr
   45     | expr . '^' expr
   46     | expr . '&' expr
   47     | expr . '|' expr
   56 whileStmt: WHILE expr . stmtBlock

    AND    偏移，并进入状态 70
    OR     偏移，并进入状态 71
    EQUAL  偏移，并进入状态 72
    NE     偏移，并进入状态 73
    GE     偏移，并进入状态 74
    LE     偏移，并进入状态 75
    '<'    偏移，并进入状态 76
    '>'    偏移，并进入状态 77
    '+'    偏移，并进入状态 78
    '-'    偏移，并进入状态 79
    '*'    偏移，并进入状态 80
    '/'    偏移，并进入状态 81
    '%'    偏移，并进入状态 82
    '&'    偏移，并进入状态 83
    '|'    偏移，并进入状态 84
    '^'    偏移，并进入状态 85
    '{'    偏移，并进入状态 22

    stmtBlock  转到状态 88


状态 56

   58 forStmt: FOR ';' . expr ';' expr stmtBlock
   62        | FOR ';' . expr ';' stmtBlock
   63        | FOR ';' . ';' expr stmtBlock
   64        | FOR ';' . ';' stmtBlock

    CONST_BOOL    偏移，并进入状态 31
    CONST_INT     偏移，并进入状态 32
    CONST_STRING  偏移，并进入状态 33
    CONST_FLOAT   偏移，并进入状态 34
    OBJECTID      偏移，并进入状态 35
    '-'           偏移，并进入状态 36
    '!'           偏移，并进入状态 37
    '~'           偏移，并进入状态 38
    ';'           偏移，并进入状态 89
    '('           偏移，并进入状态 40

    expr      转到状态 90
    constant  转到状态 46
    call      转到状态 53


状态 57

   31 expr: expr . '+' expr
   32     | expr . '-' expr
   33     | expr . '*' expr
   34     | expr . '/' expr
   35     | expr . '%' expr
   37     | expr . '<' expr
   38     | expr . '>' expr
   39     | expr . GE expr
   40     | expr . NE expr
   41     | expr . LE expr
   42     | expr . EQUAL expr
   43     | expr . AND expr
   44     | expr . OR expr
   45     | expr . '^' expr
   46     | expr . '&' expr
   47     | expr . '|' expr
   57 forStmt: FOR expr . ';' expr ';' expr stmtBlock
   59        | FOR expr . ';' ';' expr stmtBlock
   60        | FOR expr . ';' expr ';' stmtBlock
   61        | FOR expr . ';' ';' stmtBlock

    AND    偏移，并进入状态 70
    OR     偏移，并进入状态 71
    EQUAL  偏移，并进入状态 72
    NE     偏移，并进入状态 73
    GE     偏移，并进入状态 74
    LE     偏移，并进入状态 75
    '<'    偏移，并进入状态 76
    '>'    偏移，并进入状态 77
    '+'    偏移，并进入状态 78
    '-'    偏移，并进入状态 79
    '*'    偏移，并进入状态 80
    '/'    偏移，并进入状态 81
    '%'    偏移，并进入状态 82
    '&'    偏移，并进入状态 83
    '|'    偏移，并进入状态 84
    '^'    偏移，并进入状态 85
    ';'    偏移，并进入状态 91


状态 58

   68 breakStmt: BREAK ';' .

    $default  使用规则 68 以归约 (breakStmt)


状态 59

   67 continueStmt: CONTINUE ';' .

    $default  使用规则 67 以归约 (continueStmt)


状态 60

   66 returnStmt: RETURN ';' .

    $default  使用规则 66 以归约 (returnStmt)


状态 61

   31 expr: expr . '+' expr
   32     | expr . '-' expr
   33     | expr . '*' expr
   34     | expr . '/' expr
   35     | expr . '%' expr
   37     | expr . '<' expr
   38     | expr . '>' expr
   39     | expr . GE expr
   40     | expr . NE expr
   41     | expr . LE expr
   42     | expr . EQUAL expr
   43     | expr . AND expr
   44     | expr . OR expr
   45     | expr . '^' expr
   46     | expr . '&' expr
   47     | expr . '|' expr
   65 returnStmt: RETURN expr . ';'

    AND    偏移，并进入状态 70
    OR     偏移，并进入状态 71
    EQUAL  偏移，并进入状态 72
    NE     偏移，并进入状态 73
    GE     偏移，并进入状态 74
    LE     偏移，并进入状态 75
    '<'    偏移，并进入状态 76
    '>'    偏移，并进入状态 77
    '+'    偏移，并进入状态 78
    '-'    偏移，并进入状态 79
    '*'    偏移，并进入状态 80
    '/'    偏移，并进入状态 81
    '%'    偏移，并进入状态 82
    '&'    偏移，并进入状态 83
    '|'    偏移，并进入状态 84
    '^'    偏移，并进入状态 85
    ';'    偏移，并进入状态 92


状态 62

   27 expr: OBJECTID '=' . expr

    CONST_BOOL    偏移，并进入状态 31
    CONST_INT     偏移，并进入状态 32
    CONST_STRING  偏移，并进入状态 33
    CONST_FLOAT   偏移，并进入状态 34
    OBJECTID      偏移，并进入状态 35
    '-'           偏移，并进入状态 36
    '!'           偏移，并进入状态 37
    '~'           偏移，并进入状态 38
    '('           偏移，并进入状态 40

    expr      转到状态 93
    constant  转到状态 46
    call      转到状态 53


状态 63

   69 call: OBJECTID '(' . actuals ')'

    CONST_BOOL    偏移，并进入状态 31
    CONST_INT     偏移，并进入状态 32
    CONST_STRING  偏移，并进入状态 33
    CONST_FLOAT   偏移，并进入状态 34
    OBJECTID      偏移，并进入状态 35
    '-'           偏移，并进入状态 36
    '!'           偏移，并进入状态 37
    '~'           偏移，并进入状态 38
    '('           偏移，并进入状态 40

    $default  使用规则 71 以归约 (actuals)

    expr      转到状态 94
    constant  转到状态 46
    call      转到状态 53
    actual    转到状态 95
    actuals   转到状态 96


状态 64

   31 expr: expr . '+' expr
   32     | expr . '-' expr
   33     | expr . '*' expr
   34     | expr . '/' expr
   35     | expr . '%' expr
   36     | '-' expr .
   37     | expr . '<' expr
   38     | expr . '>' expr
   39     | expr . GE expr
   40     | expr . NE expr
   41     | expr . LE expr
   42     | expr . EQUAL expr
   43     | expr . AND expr
   44     | expr . OR expr
   45     | expr . '^' expr
   46     | expr . '&' expr
   47     | expr . '|' expr

    '&'  偏移，并进入状态 83
    '|'  偏移，并进入状态 84
    '^'  偏移，并进入状态 85

    $default  使用规则 36 以归约 (expr)


状态 65

   31 expr: expr . '+' expr
   32     | expr . '-' expr
   33     | expr . '*' expr
   34     | expr . '/' expr
   35     | expr . '%' expr
   37     | expr . '<' expr
   38     | expr . '>' expr
   39     | expr . GE expr
   40     | expr . NE expr
   41     | expr . LE expr
   42     | expr . EQUAL expr
   43     | expr . AND expr
   44     | expr . OR expr
   45     | expr . '^' expr
   46     | expr . '&' expr
   47     | expr . '|' expr
   48     | '!' expr .

    '&'  偏移，并进入状态 83
    '|'  偏移，并进入状态 84
    '^'  偏移，并进入状态 85

    $default  使用规则 48 以归约 (expr)


状态 66

   31 expr: expr . '+' expr
   32     | expr . '-' expr
   33     | expr . '*' expr
   34     | expr . '/' expr
   35     | expr . '%' expr
   37     | expr . '<' expr
   38     | expr . '>' expr
   39     | expr . GE expr
   40     | expr . NE expr
   41     | expr . LE expr
   42     | expr . EQUAL expr
   43     | expr . AND expr
   44     | expr . OR expr
   45     | expr . '^' expr
   46     | expr . '&' expr
   47     | expr . '|' expr
   49     | '~' expr .

    $default  使用规则 49 以归约 (expr)


状态 67

   29 expr: '(' expr . ')'
   31     | expr . '+' expr
   32     | expr . '-' expr
   33     | expr . '*' expr
   34     | expr . '/' expr
   35     | expr . '%' expr
   37     | expr . '<' expr
   38     | expr . '>' expr
   39     | expr . GE expr
   40     | expr . NE expr
   41     | expr . LE expr
   42     | expr . EQUAL expr
   43     | expr . AND expr
   44     | expr . OR expr
   45     | expr . '^' expr
   46     | expr . '&' expr
   47     | expr . '|' expr

    AND    偏移，并进入状态 70
    OR     偏移，并进入状态 71
    EQUAL  偏移，并进入状态 72
    NE     偏移，并进入状态 73
    GE     偏移，并进入状态 74
    LE     偏移，并进入状态 75
    '<'    偏移，并进入状态 76
    '>'    偏移，并进入状态 77
    '+'    偏移，并进入状态 78
    '-'    偏移，并进入状态 79
    '*'    偏移，并进入状态 80
    '/'    偏移，并进入状态 81
    '%'    偏移，并进入状态 82
    '&'    偏移，并进入状态 83
    '|'    偏移，并进入状态 84
    '^'    偏移，并进入状态 85
    ')'    偏移，并进入状态 97


状态 68

   14 stmtBlock: '{' variableDecls stmts '}' .

    $default  使用规则 14 以归约 (stmtBlock)


状态 69

   15 stmts: stmt stmts .

    $default  使用规则 15 以归约 (stmts)


状态 70

   43 expr: expr AND . expr

    CONST_BOOL    偏移，并进入状态 31
    CONST_INT     偏移，并进入状态 32
    CONST_STRING  偏移，并进入状态 33
    CONST_FLOAT   偏移，并进入状态 34
    OBJECTID      偏移，并进入状态 35
    '-'           偏移，并进入状态 36
    '!'           偏移，并进入状态 37
    '~'           偏移，并进入状态 38
    '('           偏移，并进入状态 40

    expr      转到状态 98
    constant  转到状态 46
    call      转到状态 53


状态 71

   44 expr: expr OR . expr

    CONST_BOOL    偏移，并进入状态 31
    CONST_INT     偏移，并进入状态 32
    CONST_STRING  偏移，并进入状态 33
    CONST_FLOAT   偏移，并进入状态 34
    OBJECTID      偏移，并进入状态 35
    '-'           偏移，并进入状态 36
    '!'           偏移，并进入状态 37
    '~'           偏移，并进入状态 38
    '('           偏移，并进入状态 40

    expr      转到状态 99
    constant  转到状态 46
    call      转到状态 53


状态 72

   42 expr: expr EQUAL . expr

    CONST_BOOL    偏移，并进入状态 31
    CONST_INT     偏移，并进入状态 32
    CONST_STRING  偏移，并进入状态 33
    CONST_FLOAT   偏移，并进入状态 34
    OBJECTID      偏移，并进入状态 35
    '-'           偏移，并进入状态 36
    '!'           偏移，并进入状态 37
    '~'           偏移，并进入状态 38
    '('           偏移，并进入状态 40

    expr      转到状态 100
    constant  转到状态 46
    call      转到状态 53


状态 73

   40 expr: expr NE . expr

    CONST_BOOL    偏移，并进入状态 31
    CONST_INT     偏移，并进入状态 32
    CONST_STRING  偏移，并进入状态 33
    CONST_FLOAT   偏移，并进入状态 34
    OBJECTID      偏移，并进入状态 35
    '-'           偏移，并进入状态 36
    '!'           偏移，并进入状态 37
    '~'           偏移，并进入状态 38
    '('           偏移，并进入状态 40

    expr      转到状态 101
    constant  转到状态 46
    call      转到状态 53


状态 74

   39 expr: expr GE . expr

    CONST_BOOL    偏移，并进入状态 31
    CONST_INT     偏移，并进入状态 32
    CONST_STRING  偏移，并进入状态 33
    CONST_FLOAT   偏移，并进入状态 34
    OBJECTID      偏移，并进入状态 35
    '-'           偏移，并进入状态 36
    '!'           偏移，并进入状态 37
    '~'           偏移，并进入状态 38
    '('           偏移，并进入状态 40

    expr      转到状态 102
    constant  转到状态 46
    call      转到状态 53


状态 75

   41 expr: expr LE . expr

    CONST_BOOL    偏移，并进入状态 31
    CONST_INT     偏移，并进入状态 32
    CONST_STRING  偏移，并进入状态 33
    CONST_FLOAT   偏移，并进入状态 34
    OBJECTID      偏移，并进入状态 35
    '-'           偏移，并进入状态 36
    '!'           偏移，并进入状态 37
    '~'           偏移，并进入状态 38
    '('           偏移，并进入状态 40

    expr      转到状态 103
    constant  转到状态 46
    call      转到状态 53


状态 76

   37 expr: expr '<' . expr

    CONST_BOOL    偏移，并进入状态 31
    CONST_INT     偏移，并进入状态 32
    CONST_STRING  偏移，并进入状态 33
    CONST_FLOAT   偏移，并进入状态 34
    OBJECTID      偏移，并进入状态 35
    '-'           偏移，并进入状态 36
    '!'           偏移，并进入状态 37
    '~'           偏移，并进入状态 38
    '('           偏移，并进入状态 40

    expr      转到状态 104
    constant  转到状态 46
    call      转到状态 53


状态 77

   38 expr: expr '>' . expr

    CONST_BOOL    偏移，并进入状态 31
    CONST_INT     偏移，并进入状态 32
    CONST_STRING  偏移，并进入状态 33
    CONST_FLOAT   偏移，并进入状态 34
    OBJECTID      偏移，并进入状态 35
    '-'           偏移，并进入状态 36
    '!'           偏移，并进入状态 37
    '~'           偏移，并进入状态 38
    '('           偏移，并进入状态 40

    expr      转到状态 105
    constant  转到状态 46
    call      转到状态 53


状态 78

   31 expr: expr '+' . expr

    CONST_BOOL    偏移，并进入状态 31
    CONST_INT     偏移，并进入状态 32
    CONST_STRING  偏移，并进入状态 33
    CONST_FLOAT   偏移，并进入状态 34
    OBJECTID      偏移，并进入状态 35
    '-'           偏移，并进入状态 36
    '!'           偏移，并进入状态 37
    '~'           偏移，并进入状态 38
    '('           偏移，并进入状态 40

    expr      转到状态 106
    constant  转到状态 46
    call      转到状态 53


状态 79

   32 expr: expr '-' . expr

    CONST_BOOL    偏移，并进入状态 31
    CONST_INT     偏移，并进入状态 32
    CONST_STRING  偏移，并进入状态 33
    CONST_FLOAT   偏移，并进入状态 34
    OBJECTID      偏移，并进入状态 35
    '-'           偏移，并进入状态 36
    '!'           偏移，并进入状态 37
    '~'           偏移，并进入状态 38
    '('           偏移，并进入状态 40

    expr      转到状态 107
    constant  转到状态 46
    call      转到状态 53


状态 80

   33 expr: expr '*' . expr

    CONST_BOOL    偏移，并进入状态 31
    CONST_INT     偏移，并进入状态 32
    CONST_STRING  偏移，并进入状态 33
    CONST_FLOAT   偏移，并进入状态 34
    OBJECTID      偏移，并进入状态 35
    '-'           偏移，并进入状态 36
    '!'           偏移，并进入状态 37
    '~'           偏移，并进入状态 38
    '('           偏移，并进入状态 40

    expr      转到状态 108
    constant  转到状态 46
    call      转到状态 53


状态 81

   34 expr: expr '/' . expr

    CONST_BOOL    偏移，并进入状态 31
    CONST_INT     偏移，并进入状态 32
    CONST_STRING  偏移，并进入状态 33
    CONST_FLOAT   偏移，并进入状态 34
    OBJECTID      偏移，并进入状态 35
    '-'           偏移，并进入状态 36
    '!'           偏移，并进入状态 37
    '~'           偏移，并进入状态 38
    '('           偏移，并进入状态 40

    expr      转到状态 109
    constant  转到状态 46
    call      转到状态 53


状态 82

   35 expr: expr '%' . expr

    CONST_BOOL    偏移，并进入状态 31
    CONST_INT     偏移，并进入状态 32
    CONST_STRING  偏移，并进入状态 33
    CONST_FLOAT   偏移，并进入状态 34
    OBJECTID      偏移，并进入状态 35
    '-'           偏移，并进入状态 36
    '!'           偏移，并进入状态 37
    '~'           偏移，并进入状态 38
    '('           偏移，并进入状态 40

    expr      转到状态 110
    constant  转到状态 46
    call      转到状态 53


状态 83

   46 expr: expr '&' . expr

    CONST_BOOL    偏移，并进入状态 31
    CONST_INT     偏移，并进入状态 32
    CONST_STRING  偏移，并进入状态 33
    CONST_FLOAT   偏移，并进入状态 34
    OBJECTID      偏移，并进入状态 35
    '-'           偏移，并进入状态 36
    '!'           偏移，并进入状态 37
    '~'           偏移，并进入状态 38
    '('           偏移，并进入状态 40

    expr      转到状态 111
    constant  转到状态 46
    call      转到状态 53


状态 84

   47 expr: expr '|' . expr

    CONST_BOOL    偏移，并进入状态 31
    CONST_INT     偏移，并进入状态 32
    CONST_STRING  偏移，并进入状态 33
    CONST_FLOAT   偏移，并进入状态 34
    OBJECTID      偏移，并进入状态 35
    '-'           偏移，并进入状态 36
    '!'           偏移，并进入状态 37
    '~'           偏移，并进入状态 38
    '('           偏移，并进入状态 40

    expr      转到状态 112
    constant  转到状态 46
    call      转到状态 53


状态 85

   45 expr: expr '^' . expr

    CONST_BOOL    偏移，并进入状态 31
    CONST_INT     偏移，并进入状态 32
    CONST_STRING  偏移，并进入状态 33
    CONST_FLOAT   偏移，并进入状态 34
    OBJECTID      偏移，并进入状态 35
    '-'           偏移，并进入状态 36
    '!'           偏移，并进入状态 37
    '~'           偏移，并进入状态 38
    '('           偏移，并进入状态 40

    expr      转到状态 113
    constant  转到状态 46
    call      转到状态 53


状态 86

   18 stmt: expr ';' .

    $default  使用规则 18 以归约 (stmt)


状态 87

   54 ifStmt: IF expr stmtBlock . ELSE stmtBlock
   55       | IF expr stmtBlock .

    ELSE  偏移，并进入状态 114

    $default  使用规则 55 以归约 (ifStmt)


状态 88

   56 whileStmt: WHILE expr stmtBlock .

    $default  使用规则 56 以归约 (whileStmt)


状态 89

   63 forStmt: FOR ';' ';' . expr stmtBlock
   64        | FOR ';' ';' . stmtBlock

    CONST_BOOL    偏移，并进入状态 31
    CONST_INT     偏移，并进入状态 32
    CONST_STRING  偏移，并进入状态 33
    CONST_FLOAT   偏移，并进入状态 34
    OBJECTID      偏移，并进入状态 35
    '-'           偏移，并进入状态 36
    '!'           偏移，并进入状态 37
    '~'           偏移，并进入状态 38
    '('           偏移，并进入状态 40
    '{'           偏移，并进入状态 22

    stmtBlock  转到状态 115
    expr       转到状态 116
    constant   转到状态 46
    call       转到状态 53


状态 90

   31 expr: expr . '+' expr
   32     | expr . '-' expr
   33     | expr . '*' expr
   34     | expr . '/' expr
   35     | expr . '%' expr
   37     | expr . '<' expr
   38     | expr . '>' expr
   39     | expr . GE expr
   40     | expr . NE expr
   41     | expr . LE expr
   42     | expr . EQUAL expr
   43     | expr . AND expr
   44     | expr . OR expr
   45     | expr . '^' expr
   46     | expr . '&' expr
   47     | expr . '|' expr
   58 forStmt: FOR ';' expr . ';' expr stmtBlock
   62        | FOR ';' expr . ';' stmtBlock

    AND    偏移，并进入状态 70
    OR     偏移，并进入状态 71
    EQUAL  偏移，并进入状态 72
    NE     偏移，并进入状态 73
    GE     偏移，并进入状态 74
    LE     偏移，并进入状态 75
    '<'    偏移，并进入状态 76
    '>'    偏移，并进入状态 77
    '+'    偏移，并进入状态 78
    '-'    偏移，并进入状态 79
    '*'    偏移，并进入状态 80
    '/'    偏移，并进入状态 81
    '%'    偏移，并进入状态 82
    '&'    偏移，并进入状态 83
    '|'    偏移，并进入状态 84
    '^'    偏移，并进入状态 85
    ';'    偏移，并进入状态 117


状态 91

   57 forStmt: FOR expr ';' . expr ';' expr stmtBlock
   59        | FOR expr ';' . ';' expr stmtBlock
   60        | FOR expr ';' . expr ';' stmtBlock
   61        | FOR expr ';' . ';' stmtBlock

    CONST_BOOL    偏移，并进入状态 31
    CONST_INT     偏移，并进入状态 32
    CONST_STRING  偏移，并进入状态 33
    CONST_FLOAT   偏移，并进入状态 34
    OBJECTID      偏移，并进入状态 35
    '-'           偏移，并进入状态 36
    '!'           偏移，并进入状态 37
    '~'           偏移，并进入状态 38
    ';'           偏移，并进入状态 118
    '('           偏移，并进入状态 40

    expr      转到状态 119
    constant  转到状态 46
    call      转到状态 53


状态 92

   65 returnStmt: RETURN expr ';' .

    $default  使用规则 65 以归约 (returnStmt)


状态 93

   27 expr: OBJECTID '=' expr .
   31     | expr . '+' expr
   32     | expr . '-' expr
   33     | expr . '*' expr
   34     | expr . '/' expr
   35     | expr . '%' expr
   37     | expr . '<' expr
   38     | expr . '>' expr
   39     | expr . GE expr
   40     | expr . NE expr
   41     | expr . LE expr
   42     | expr . EQUAL expr
   43     | expr . AND expr
   44     | expr . OR expr
   45     | expr . '^' expr
   46     | expr . '&' expr
   47     | expr . '|' expr

    AND    偏移，并进入状态 70
    OR     偏移，并进入状态 71
    EQUAL  偏移，并进入状态 72
    NE     偏移，并进入状态 73
    GE     偏移，并进入状态 74
    LE     偏移，并进入状态 75
    '<'    偏移，并进入状态 76
    '>'    偏移，并进入状态 77
    '+'    偏移，并进入状态 78
    '-'    偏移，并进入状态 79
    '*'    偏移，并进入状态 80
    '/'    偏移，并进入状态 81
    '%'    偏移，并进入状态 82
    '&'    偏移，并进入状态 83
    '|'    偏移，并进入状态 84
    '^'    偏移，并进入状态 85

    $default  使用规则 27 以归约 (expr)


状态 94

   31 expr: expr . '+' expr
   32     | expr . '-' expr
   33     | expr . '*' expr
   34     | expr . '/' expr
   35     | expr . '%' expr
   37     | expr . '<' expr
   38     | expr . '>' expr
   39     | expr . GE expr
   40     | expr . NE expr
   41     | expr . LE expr
   42     | expr . EQUAL expr
   43     | expr . AND expr
   44     | expr . OR expr
   45     | expr . '^' expr
   46     | expr . '&' expr
   47     | expr . '|' expr
   70 actual: expr .

    AND    偏移，并进入状态 70
    OR     偏移，并进入状态 71
    EQUAL  偏移，并进入状态 72
    NE     偏移，并进入状态 73
    GE     偏移，并进入状态 74
    LE     偏移，并进入状态 75
    '<'    偏移，并进入状态 76
    '>'    偏移，并进入状态 77
    '+'    偏移，并进入状态 78
    '-'    偏移，并进入状态 79
    '*'    偏移，并进入状态 80
    '/'    偏移，并进入状态 81
    '%'    偏移，并进入状态 82
    '&'    偏移，并进入状态 83
    '|'    偏移，并进入状态 84
    '^'    偏移，并进入状态 85

    $default  使用规则 70 以归约 (actual)


状态 95

   72 actuals: actual .

    $default  使用规则 72 以归约 (actuals)


状态 96

   69 call: OBJECTID '(' actuals . ')'
   73 actuals: actuals . ',' actual

    ','  偏移，并进入状态 120
    ')'  偏移，并进入状态 121


状态 97

   29 expr: '(' expr ')' .

    $default  使用规则 29 以归约 (expr)


状态 98

   31 expr: expr . '+' expr
   32     | expr . '-' expr
   33     | expr . '*' expr
   34     | expr . '/' expr
   35     | expr . '%' expr
   37     | expr . '<' expr
   38     | expr . '>' expr
   39     | expr . GE expr
   40     | expr . NE expr
   41     | expr . LE expr
   42     | expr . EQUAL expr
   43     | expr . AND expr
   43     | expr AND expr .
   44     | expr . OR expr
   45     | expr . '^' expr
   46     | expr . '&' expr
   47     | expr . '|' expr

    AND    偏移，并进入状态 70
    EQUAL  偏移，并进入状态 72
    NE     偏移，并进入状态 73
    GE     偏移，并进入状态 74
    LE     偏移，并进入状态 75
    '<'    偏移，并进入状态 76
    '>'    偏移，并进入状态 77
    '+'    偏移，并进入状态 78
    '-'    偏移，并进入状态 79
    '*'    偏移，并进入状态 80
    '/'    偏移，并进入状态 81
    '%'    偏移，并进入状态 82
    '&'    偏移，并进入状态 83
    '|'    偏移，并进入状态 84
    '^'    偏移，并进入状态 85

    $default  使用规则 43 以归约 (expr)


状态 99

   31 expr: expr . '+' expr
   32     | expr . '-' expr
   33     | expr . '*' expr
   34     | expr . '/' expr
   35     | expr . '%' expr
   37     | expr . '<' expr
   38     | expr . '>' expr
   39     | expr . GE expr
   40     | expr . NE expr
   41     | expr . LE expr
   42     | expr . EQUAL expr
   43     | expr . AND expr
   44     | expr . OR expr
   44     | expr OR expr .
   45     | expr . '^' expr
   46     | expr . '&' expr
   47     | expr . '|' expr

    AND    偏移，并进入状态 70
    OR     偏移，并进入状态 71
    EQUAL  偏移，并进入状态 72
    NE     偏移，并进入状态 73
    GE     偏移，并进入状态 74
    LE     偏移，并进入状态 75
    '<'    偏移，并进入状态 76
    '>'    偏移，并进入状态 77
    '+'    偏移，并进入状态 78
    '-'    偏移，并进入状态 79
    '*'    偏移，并进入状态 80
    '/'    偏移，并进入状态 81
    '%'    偏移，并进入状态 82
    '&'    偏移，并进入状态 83
    '|'    偏移，并进入状态 84
    '^'    偏移，并进入状态 85

    $default  使用规则 44 以归约 (expr)


状态 100

   31 expr: expr . '+' expr
   32     | expr . '-' expr
   33     | expr . '*' expr
   34     | expr . '/' expr
   35     | expr . '%' expr
   37     | expr . '<' expr
   38     | expr . '>' expr
   39     | expr . GE expr
   40     | expr . NE expr
   41     | expr . LE expr
   42     | expr . EQUAL expr
   42     | expr EQUAL expr .
   43     | expr . AND expr
   44     | expr . OR expr
   45     | expr . '^' expr
   46     | expr . '&' expr
   47     | expr . '|' expr

    GE   偏移，并进入状态 74
    LE   偏移，并进入状态 75
    '<'  偏移，并进入状态 76
    '>'  偏移，并进入状态 77
    '+'  偏移，并进入状态 78
    '-'  偏移，并进入状态 79
    '*'  偏移，并进入状态 80
    '/'  偏移，并进入状态 81
    '%'  偏移，并进入状态 82
    '&'  偏移，并进入状态 83
    '|'  偏移，并进入状态 84
    '^'  偏移，并进入状态 85

    EQUAL  错误 (非相联的)
    NE     错误 (非相联的)

    $default  使用规则 42 以归约 (expr)


状态 101

   31 expr: expr . '+' expr
   32     | expr . '-' expr
   33     | expr . '*' expr
   34     | expr . '/' expr
   35     | expr . '%' expr
   37     | expr . '<' expr
   38     | expr . '>' expr
   39     | expr . GE expr
   40     | expr . NE expr
   40     | expr NE expr .
   41     | expr . LE expr
   42     | expr . EQUAL expr
   43     | expr . AND expr
   44     | expr . OR expr
   45     | expr . '^' expr
   46     | expr . '&' expr
   47     | expr . '|' expr

    GE   偏移，并进入状态 74
    LE   偏移，并进入状态 75
    '<'  偏移，并进入状态 76
    '>'  偏移，并进入状态 77
    '+'  偏移，并进入状态 78
    '-'  偏移，并进入状态 79
    '*'  偏移，并进入状态 80
    '/'  偏移，并进入状态 81
    '%'  偏移，并进入状态 82
    '&'  偏移，并进入状态 83
    '|'  偏移，并进入状态 84
    '^'  偏移，并进入状态 85

    EQUAL  错误 (非相联的)
    NE     错误 (非相联的)

    $default  使用规则 40 以归约 (expr)


状态 102

   31 expr: expr . '+' expr
   32     | expr . '-' expr
   33     | expr . '*' expr
   34     | expr . '/' expr
   35     | expr . '%' expr
   37     | expr . '<' expr
   38     | expr . '>' expr
   39     | expr . GE expr
   39     | expr GE expr .
   40     | expr . NE expr
   41     | expr . LE expr
   42     | expr . EQUAL expr
   43     | expr . AND expr
   44     | expr . OR expr
   45     | expr . '^' expr
   46     | expr . '&' expr
   47     | expr . '|' expr

    '+'  偏移，并进入状态 78
    '-'  偏移，并进入状态 79
    '*'  偏移，并进入状态 80
    '/'  偏移，并进入状态 81
    '%'  偏移，并进入状态 82
    '&'  偏移，并进入状态 83
    '|'  偏移，并进入状态 84
    '^'  偏移，并进入状态 85

    GE   错误 (非相联的)
    LE   错误 (非相联的)
    '<'  错误 (非相联的)
    '>'  错误 (非相联的)

    $default  使用规则 39 以归约 (expr)


状态 103

   31 expr: expr . '+' expr
   32     | expr . '-' expr
   33     | expr . '*' expr
   34     | expr . '/' expr
   35     | expr . '%' expr
   37     | expr . '<' expr
   38     | expr . '>' expr
   39     | expr . GE expr
   40     | expr . NE expr
   41     | expr . LE expr
   41     | expr LE expr .
   42     | expr . EQUAL expr
   43     | expr . AND expr
   44     | expr . OR expr
   45     | expr . '^' expr
   46     | expr . '&' expr
   47     | expr . '|' expr

    '+'  偏移，并进入状态 78
    '-'  偏移，并进入状态 79
    '*'  偏移，并进入状态 80
    '/'  偏移，并进入状态 81
    '%'  偏移，并进入状态 82
    '&'  偏移，并进入状态 83
    '|'  偏移，并进入状态 84
    '^'  偏移，并进入状态 85

    GE   错误 (非相联的)
    LE   错误 (非相联的)
    '<'  错误 (非相联的)
    '>'  错误 (非相联的)

    $default  使用规则 41 以归约 (expr)


状态 104

   31 expr: expr . '+' expr
   32     | expr . '-' expr
   33     | expr . '*' expr
   34     | expr . '/' expr
   35     | expr . '%' expr
   37     | expr . '<' expr
   37     | expr '<' expr .
   38     | expr . '>' expr
   39     | expr . GE expr
   40     | expr . NE expr
   41     | expr . LE expr
   42     | expr . EQUAL expr
   43     | expr . AND expr
   44     | expr . OR expr
   45     | expr . '^' expr
   46     | expr . '&' expr
   47     | expr . '|' expr

    '+'  偏移，并进入状态 78
    '-'  偏移，并进入状态 79
    '*'  偏移，并进入状态 80
    '/'  偏移，并进入状态 81
    '%'  偏移，并进入状态 82
    '&'  偏移，并进入状态 83
    '|'  偏移，并进入状态 84
    '^'  偏移，并进入状态 85

    GE   错误 (非相联的)
    LE   错误 (非相联的)
    '<'  错误 (非相联的)
    '>'  错误 (非相联的)

    $default  使用规则 37 以归约 (expr)


状态 105

   31 expr: expr . '+' expr
   32     | expr . '-' expr
   33     | expr . '*' expr
   34     | expr . '/' expr
   35     | expr . '%' expr
   37     | expr . '<' expr
   38     | expr . '>' expr
   38     | expr '>' expr .
   39     | expr . GE expr
   40     | expr . NE expr
   41     | expr . LE expr
   42     | expr . EQUAL expr
   43     | expr . AND expr
   44     | expr . OR expr
   45     | expr . '^' expr
   46     | expr . '&' expr
   47     | expr . '|' expr

    '+'  偏移，并进入状态 78
    '-'  偏移，并进入状态 79
    '*'  偏移，并进入状态 80
    '/'  偏移，并进入状态 81
    '%'  偏移，并进入状态 82
    '&'  偏移，并进入状态 83
    '|'  偏移，并进入状态 84
    '^'  偏移，并进入状态 85

    GE   错误 (非相联的)
    LE   错误 (非相联的)
    '<'  错误 (非相联的)
    '>'  错误 (非相联的)

    $default  使用规则 38 以归约 (expr)


状态 106

   31 expr: expr . '+' expr
   31     | expr '+' expr .
   32     | expr . '-' expr
   33     | expr . '*' expr
   34     | expr . '/' expr
   35     | expr . '%' expr
   37     | expr . '<' expr
   38     | expr . '>' expr
   39     | expr . GE expr
   40     | expr . NE expr
   41     | expr . LE expr
   42     | expr . EQUAL expr
   43     | expr . AND expr
   44     | expr . OR expr
   45     | expr . '^' expr
   46     | expr . '&' expr
   47     | expr . '|' expr

    '*'  偏移，并进入状态 80
    '/'  偏移，并进入状态 81
    '%'  偏移，并进入状态 82
    '&'  偏移，并进入状态 83
    '|'  偏移，并进入状态 84
    '^'  偏移，并进入状态 85

    $default  使用规则 31 以归约 (expr)


状态 107

   31 expr: expr . '+' expr
   32     | expr . '-' expr
   32     | expr '-' expr .
   33     | expr . '*' expr
   34     | expr . '/' expr
   35     | expr . '%' expr
   37     | expr . '<' expr
   38     | expr . '>' expr
   39     | expr . GE expr
   40     | expr . NE expr
   41     | expr . LE expr
   42     | expr . EQUAL expr
   43     | expr . AND expr
   44     | expr . OR expr
   45     | expr . '^' expr
   46     | expr . '&' expr
   47     | expr . '|' expr

    '*'  偏移，并进入状态 80
    '/'  偏移，并进入状态 81
    '%'  偏移，并进入状态 82
    '&'  偏移，并进入状态 83
    '|'  偏移，并进入状态 84
    '^'  偏移，并进入状态 85

    $default  使用规则 32 以归约 (expr)


状态 108

   31 expr: expr . '+' expr
   32     | expr . '-' expr
   33     | expr . '*' expr
   33     | expr '*' expr .
   34     | expr . '/' expr
   35     | expr . '%' expr
   37     | expr . '<' expr
   38     | expr . '>' expr
   39     | expr . GE expr
   40     | expr . NE expr
   41     | expr . LE expr
   42     | expr . EQUAL expr
   43     | expr . AND expr
   44     | expr . OR expr
   45     | expr . '^' expr
   46     | expr . '&' expr
   47     | expr . '|' expr

    '&'  偏移，并进入状态 83
    '|'  偏移，并进入状态 84
    '^'  偏移，并进入状态 85

    $default  使用规则 33 以归约 (expr)


状态 109

   31 expr: expr . '+' expr
   32     | expr . '-' expr
   33     | expr . '*' expr
   34     | expr . '/' expr
   34     | expr '/' expr .
   35     | expr . '%' expr
   37     | expr . '<' expr
   38     | expr . '>' expr
   39     | expr . GE expr
   40     | expr . NE expr
   41     | expr . LE expr
   42     | expr . EQUAL expr
   43     | expr . AND expr
   44     | expr . OR expr
   45     | expr . '^' expr
   46     | expr . '&' expr
   47     | expr . '|' expr

    '&'  偏移，并进入状态 83
    '|'  偏移，并进入状态 84
    '^'  偏移，并进入状态 85

    $default  使用规则 34 以归约 (expr)


状态 110

   31 expr: expr . '+' expr
   32     | expr . '-' expr
   33     | expr . '*' expr
   34     | expr . '/' expr
   35     | expr . '%' expr
   35     | expr '%' expr .
   37     | expr . '<' expr
   38     | expr . '>' expr
   39     | expr . GE expr
   40     | expr . NE expr
   41     | expr . LE expr
   42     | expr . EQUAL expr
   43     | expr . AND expr
   44     | expr . OR expr
   45     | expr . '^' expr
   46     | expr . '&' expr
   47     | expr . '|' expr

    '&'  偏移，并进入状态 83
    '|'  偏移，并进入状态 84
    '^'  偏移，并进入状态 85

    $default  使用规则 35 以归约 (expr)


状态 111

   31 expr: expr . '+' expr
   32     | expr . '-' expr
   33     | expr . '*' expr
   34     | expr . '/' expr
   35     | expr . '%' expr
   37     | expr . '<' expr
   38     | expr . '>' expr
   39     | expr . GE expr
   40     | expr . NE expr
   41     | expr . LE expr
   42     | expr . EQUAL expr
   43     | expr . AND expr
   44     | expr . OR expr
   45     | expr . '^' expr
   46     | expr . '&' expr
   46     | expr '&' expr .
   47     | expr . '|' expr

    $default  使用规则 46 以归约 (expr)


状态 112

   31 expr: expr . '+' expr
   32     | expr . '-' expr
   33     | expr . '*' expr
   34     | expr . '/' expr
   35     | expr . '%' expr
   37     | expr . '<' expr
   38     | expr . '>' expr
   39     | expr . GE expr
   40     | expr . NE expr
   41     | expr . LE expr
   42     | expr . EQUAL expr
   43     | expr . AND expr
   44     | expr . OR expr
   45     | expr . '^' expr
   46     | expr . '&' expr
   47     | expr . '|' expr
   47     | expr '|' expr .

    $default  使用规则 47 以归约 (expr)


状态 113

   31 expr: expr . '+' expr
   32     | expr . '-' expr
   33     | expr . '*' expr
   34     | expr . '/' expr
   35     | expr . '%' expr
   37     | expr . '<' expr
   38     | expr . '>' expr
   39     | expr . GE expr
   40     | expr . NE expr
   41     | expr . LE expr
   42     | expr . EQUAL expr
   43     | expr . AND expr
   44     | expr . OR expr
   45     | expr . '^' expr
   45     | expr '^' expr .
   46     | expr . '&' expr
   47     | expr . '|' expr

    $default  使用规则 45 以归约 (expr)


状态 114

   54 ifStmt: IF expr stmtBlock ELSE . stmtBlock

    '{'  偏移，并进入状态 22

    stmtBlock  转到状态 122


状态 115

   64 forStmt: FOR ';' ';' stmtBlock .

    $default  使用规则 64 以归约 (forStmt)


状态 116

   31 expr: expr . '+' expr
   32     | expr . '-' expr
   33     | expr . '*' expr
   34     | expr . '/' expr
   35     | expr . '%' expr
   37     | expr . '<' expr
   38     | expr . '>' expr
   39     | expr . GE expr
   40     | expr . NE expr
   41     | expr . LE expr
   42     | expr . EQUAL expr
   43     | expr . AND expr
   44     | expr . OR expr
   45     | expr . '^' expr
   46     | expr . '&' expr
   47     | expr . '|' expr
   63 forStmt: FOR ';' ';' expr . stmtBlock

    AND    偏移，并进入状态 70
    OR     偏移，并进入状态 71
    EQUAL  偏移，并进入状态 72
    NE     偏移，并进入状态 73
    GE     偏移，并进入状态 74
    LE     偏移，并进入状态 75
    '<'    偏移，并进入状态 76
    '>'    偏移，并进入状态 77
    '+'    偏移，并进入状态 78
    '-'    偏移，并进入状态 79
    '*'    偏移，并进入状态 80
    '/'    偏移，并进入状态 81
    '%'    偏移，并进入状态 82
    '&'    偏移，并进入状态 83
    '|'    偏移，并进入状态 84
    '^'    偏移，并进入状态 85
    '{'    偏移，并进入状态 22

    stmtBlock  转到状态 123


状态 117

   58 forStmt: FOR ';' expr ';' . expr stmtBlock
   62        | FOR ';' expr ';' . stmtBlock

    CONST_BOOL    偏移，并进入状态 31
    CONST_INT     偏移，并进入状态 32
    CONST_STRING  偏移，并进入状态 33
    CONST_FLOAT   偏移，并进入状态 34
    OBJECTID      偏移，并进入状态 35
    '-'           偏移，并进入状态 36
    '!'           偏移，并进入状态 37
    '~'           偏移，并进入状态 38
    '('           偏移，并进入状态 40
    '{'           偏移，并进入状态 22

    stmtBlock  转到状态 124
    expr       转到状态 125
    constant   转到状态 46
    call       转到状态 53


状态 118

   59 forStmt: FOR expr ';' ';' . expr stmtBlock
   61        | FOR expr ';' ';' . stmtBlock

    CONST_BOOL    偏移，并进入状态 31
    CONST_INT     偏移，并进入状态 32
    CONST_STRING  偏移，并进入状态 33
    CONST_FLOAT   偏移，并进入状态 34
    OBJECTID      偏移，并进入状态 35
    '-'           偏移，并进入状态 36
    '!'           偏移，并进入状态 37
    '~'           偏移，并进入状态 38
    '('           偏移，并进入状态 40
    '{'           偏移，并进入状态 22

    stmtBlock  转到状态 126
    expr       转到状态 127
    constant   转到状态 46
    call       转到状态 53


状态 119

   31 expr: expr . '+' expr
   32     | expr . '-' expr
   33     | expr . '*' expr
   34     | expr . '/' expr
   35     | expr . '%' expr
   37     | expr . '<' expr
   38     | expr . '>' expr
   39     | expr . GE expr
   40     | expr . NE expr
   41     | expr . LE expr
   42     | expr . EQUAL expr
   43     | expr . AND expr
   44     | expr . OR expr
   45     | expr . '^' expr
   46     | expr . '&' expr
   47     | expr . '|' expr
   57 forStmt: FOR expr ';' expr . ';' expr stmtBlock
   60        | FOR expr ';' expr . ';' stmtBlock

    AND    偏移，并进入状态 70
    OR     偏移，并进入状态 71
    EQUAL  偏移，并进入状态 72
    NE     偏移，并进入状态 73
    GE     偏移，并进入状态 74
    LE     偏移，并进入状态 75
    '<'    偏移，并进入状态 76
    '>'    偏移，并进入状态 77
    '+'    偏移，并进入状态 78
    '-'    偏移，并进入状态 79
    '*'    偏移，并进入状态 80
    '/'    偏移，并进入状态 81
    '%'    偏移，并进入状态 82
    '&'    偏移，并进入状态 83
    '|'    偏移，并进入状态 84
    '^'    偏移，并进入状态 85
    ';'    偏移，并进入状态 128


状态 120

   73 actuals: actuals ',' . actual

    CONST_BOOL    偏移，并进入状态 31
    CONST_INT     偏移，并进入状态 32
    CONST_STRING  偏移，并进入状态 33
    CONST_FLOAT   偏移，并进入状态 34
    OBJECTID      偏移，并进入状态 35
    '-'           偏移，并进入状态 36
    '!'           偏移，并进入状态 37
    '~'           偏移，并进入状态 38
    '('           偏移，并进入状态 40

    expr      转到状态 94
    constant  转到状态 46
    call      转到状态 53
    actual    转到状态 129


状态 121

   69 call: OBJECTID '(' actuals ')' .

    $default  使用规则 69 以归约 (call)


状态 122

   54 ifStmt: IF expr stmtBlock ELSE stmtBlock .

    $default  使用规则 54 以归约 (ifStmt)


状态 123

   63 forStmt: FOR ';' ';' expr stmtBlock .

    $default  使用规则 63 以归约 (forStmt)


状态 124

   62 forStmt: FOR ';' expr ';' stmtBlock .

    $default  使用规则 62 以归约 (forStmt)


状态 125

   31 expr: expr . '+' expr
   32     | expr . '-' expr
   33     | expr . '*' expr
   34     | expr . '/' expr
   35     | expr . '%' expr
   37     | expr . '<' expr
   38     | expr . '>' expr
   39     | expr . GE expr
   40     | expr . NE expr
   41     | expr . LE expr
   42     | expr . EQUAL expr
   43     | expr . AND expr
   44     | expr . OR expr
   45     | expr . '^' expr
   46     | expr . '&' expr
   47     | expr . '|' expr
   58 forStmt: FOR ';' expr ';' expr . stmtBlock

    AND    偏移，并进入状态 70
    OR     偏移，并进入状态 71
    EQUAL  偏移，并进入状态 72
    NE     偏移，并进入状态 73
    GE     偏移，并进入状态 74
    LE     偏移，并进入状态 75
    '<'    偏移，并进入状态 76
    '>'    偏移，并进入状态 77
    '+'    偏移，并进入状态 78
    '-'    偏移，并进入状态 79
    '*'    偏移，并进入状态 80
    '/'    偏移，并进入状态 81
    '%'    偏移，并进入状态 82
    '&'    偏移，并进入状态 83
    '|'    偏移，并进入状态 84
    '^'    偏移，并进入状态 85
    '{'    偏移，并进入状态 22

    stmtBlock  转到状态 130


状态 126

   61 forStmt: FOR expr ';' ';' stmtBlock .

    $default  使用规则 61 以归约 (forStmt)


状态 127

   31 expr: expr . '+' expr
   32     | expr . '-' expr
   33     | expr . '*' expr
   34     | expr . '/' expr
   35     | expr . '%' expr
   37     | expr . '<' expr
   38     | expr . '>' expr
   39     | expr . GE expr
   40     | expr . NE expr
   41     | expr . LE expr
   42     | expr . EQUAL expr
   43     | expr . AND expr
   44     | expr . OR expr
   45     | expr . '^' expr
   46     | expr . '&' expr
   47     | expr . '|' expr
   59 forStmt: FOR expr ';' ';' expr . stmtBlock

    AND    偏移，并进入状态 70
    OR     偏移，并进入状态 71
    EQUAL  偏移，并进入状态 72
    NE     偏移，并进入状态 73
    GE     偏移，并进入状态 74
    LE     偏移，并进入状态 75
    '<'    偏移，并进入状态 76
    '>'    偏移，并进入状态 77
    '+'    偏移，并进入状态 78
    '-'    偏移，并进入状态 79
    '*'    偏移，并进入状态 80
    '/'    偏移，并进入状态 81
    '%'    偏移，并进入状态 82
    '&'    偏移，并进入状态 83
    '|'    偏移，并进入状态 84
    '^'    偏移，并进入状态 85
    '{'    偏移，并进入状态 22

    stmtBlock  转到状态 131


状态 128

   57 forStmt: FOR expr ';' expr ';' . expr stmtBlock
   60        | FOR expr ';' expr ';' . stmtBlock

    CONST_BOOL    偏移，并进入状态 31
    CONST_INT     偏移，并进入状态 32
    CONST_STRING  偏移，并进入状态 33
    CONST_FLOAT   偏移，并进入状态 34
    OBJECTID      偏移，并进入状态 35
    '-'           偏移，并进入状态 36
    '!'           偏移，并进入状态 37
    '~'           偏移，并进入状态 38
    '('           偏移，并进入状态 40
    '{'           偏移，并进入状态 22

    stmtBlock  转到状态 132
    expr       转到状态 133
    constant   转到状态 46
    call       转到状态 53


状态 129

   73 actuals: actuals ',' actual .

    $default  使用规则 73 以归约 (actuals)


状态 130

   58 forStmt: FOR ';' expr ';' expr stmtBlock .

    $default  使用规则 58 以归约 (forStmt)


状态 131

   59 forStmt: FOR expr ';' ';' expr stmtBlock .

    $default  使用规则 59 以归约 (forStmt)


状态 132

   60 forStmt: FOR expr ';' expr ';' stmtBlock .

    $default  使用规则 60 以归约 (forStmt)


状态 133

   31 expr: expr . '+' expr
   32     | expr . '-' expr
   33     | expr . '*' expr
   34     | expr . '/' expr
   35     | expr . '%' expr
   37     | expr . '<' expr
   38     | expr . '>' expr
   39     | expr . GE expr
   40     | expr . NE expr
   41     | expr . LE expr
   42     | expr . EQUAL expr
   43     | expr . AND expr
   44     | expr . OR expr
   45     | expr . '^' expr
   46     | expr . '&' expr
   47     | expr . '|' expr
   57 forStmt: FOR expr ';' expr ';' expr . stmtBlock

    AND    偏移，并进入状态 70
    OR     偏移，并进入状态 71
    EQUAL  偏移，并进入状态 72
    NE     偏移，并进入状态 73
    GE     偏移，并进入状态 74
    LE     偏移，并进入状态 75
    '<'    偏移，并进入状态 76
    '>'    偏移，并进入状态 77
    '+'    偏移，并进入状态 78
    '-'    偏移，并进入状态 79
    '*'    偏移，并进入状态 80
    '/'    偏移，并进入状态 81
    '%'    偏移，并进入状态 82
    '&'    偏移，并进入状态 83
    '|'    偏移，并进入状态 84
    '^'    偏移，并进入状态 85
    '{'    偏移，并进入状态 22

    stmtBlock  转到状态 134


状态 134

   57 forStmt: FOR expr ';' expr ';' expr stmtBlock .

    $default  使用规则 57 以归约 (forStmt)
